# JRE version: Java(TM) SE Runtime Environment (8.0_144-b01) (build 1.8.0_144-b01)
# Java VM: Java HotSpot(TM) 64-Bit Server VM (25.144-b01 mixed mode windows-amd64 compressed oops)
Heap:
 PSYoungGen      total 452096K, used 4993K [0x000000076b580000, 0x0000000789200000, 0x00000007c0000000)
  eden space 446976K, 0% used [0x000000076b580000,0x000000076b580000,0x0000000786a00000)
  from space 5120K, 97% used [0x0000000786a00000,0x0000000786ee0660,0x0000000786f00000)
  to   space 20480K, 0% used [0x0000000787e00000,0x0000000787e00000,0x0000000789200000)
 ParOldGen       total 193536K, used 25446K [0x00000006c2000000, 0x00000006cdd00000, 0x000000076b580000)
  object space 193536K, 13% used [0x00000006c2000000,0x00000006c38d98d0,0x00000006cdd00000)
 Metaspace       used 64072K, capacity 67620K, committed 67752K, reserved 1107968K
  class space    used 8534K, capacity 9294K, committed 9392K, reserved 1048576K
GC Heap History (10 events):
Event: 404.268 GC heap after
Heap after GC invocations=23 (full 8):
 PSYoungGen      total 452096K, used 5032K [0x000000076b580000, 0x0000000789400000, 0x00000007c0000000)
  eden space 446976K, 0% used [0x000000076b580000,0x000000076b580000,0x0000000786a00000)
  from space 5120K, 98% used [0x0000000786a00000,0x0000000786eea310,0x0000000786f00000)
  to   space 21504K, 0% used [0x0000000787f00000,0x0000000787f00000,0x0000000789400000)
 ParOldGen       total 193536K, used 24851K [0x00000006c2000000, 0x00000006cdd00000, 0x000000076b580000)
  object space 193536K, 12% used [0x00000006c2000000,0x00000006c3844dd0,0x00000006cdd00000)
 Metaspace       used 63021K, capacity 66332K, committed 66472K, reserved 1105920K
  class space    used 8424K, capacity 9114K, committed 9136K, reserved 1048576K
}
Event: 404.268 GC heap before
{Heap before GC invocations=24 (full 9):
 PSYoungGen      total 452096K, used 5032K [0x000000076b580000, 0x0000000789400000, 0x00000007c0000000)
  eden space 446976K, 0% used [0x000000076b580000,0x000000076b580000,0x0000000786a00000)
  from space 5120K, 98% used [0x0000000786a00000,0x0000000786eea310,0x0000000786f00000)
  to   space 21504K, 0% used [0x0000000787f00000,0x0000000787f00000,0x0000000789400000)
 ParOldGen       total 193536K, used 24851K [0x00000006c2000000, 0x00000006cdd00000, 0x000000076b580000)
  object space 193536K, 12% used [0x00000006c2000000,0x00000006c3844dd0,0x00000006cdd00000)
 Metaspace       used 63021K, capacity 66332K, committed 66472K, reserved 1105920K
  class space    used 8424K, capacity 9114K, committed 9136K, reserved 1048576K
Event: 404.437 GC heap after
Heap after GC invocations=24 (full 9):
 PSYoungGen      total 452096K, used 0K [0x000000076b580000, 0x0000000789400000, 0x00000007c0000000)
  eden space 446976K, 0% used [0x000000076b580000,0x000000076b580000,0x0000000786a00000)
  from space 5120K, 0% used [0x0000000786a00000,0x0000000786a00000,0x0000000786f00000)
  to   space 21504K, 0% used [0x0000000787f00000,0x0000000787f00000,0x0000000789400000)
 ParOldGen       total 193536K, used 25172K [0x00000006c2000000, 0x00000006cdd00000, 0x000000076b580000)
  object space 193536K, 13% used [0x00000006c2000000,0x00000006c3895100,0x00000006cdd00000)
 Metaspace       used 62995K, capacity 66290K, committed 66472K, reserved 1105920K
  class space    used 8420K, capacity 9106K, committed 9136K, reserved 1048576K
}
Event: 438.924 GC heap before
{Heap before GC invocations=25 (full 9):
 PSYoungGen      total 452096K, used 207601K [0x000000076b580000, 0x0000000789400000, 0x00000007c0000000)
  eden space 446976K, 46% used [0x000000076b580000,0x000000077803c520,0x0000000786a00000)
  from space 5120K, 0% used [0x0000000786a00000,0x0000000786a00000,0x0000000786f00000)
  to   space 21504K, 0% used [0x0000000787f00000,0x0000000787f00000,0x0000000789400000)
 ParOldGen       total 193536K, used 25172K [0x00000006c2000000, 0x00000006cdd00000, 0x000000076b580000)
  object space 193536K, 13% used [0x00000006c2000000,0x00000006c3895100,0x00000006cdd00000)
 Metaspace       used 63498K, capacity 66868K, committed 67112K, reserved 1107968K
  class space    used 8469K, capacity 9186K, committed 9264K, reserved 1048576K
Event: 438.929 GC heap after
Heap after GC invocations=25 (full 9):
 PSYoungGen      total 467456K, used 4886K [0x000000076b580000, 0x0000000789300000, 0x00000007c0000000)
  eden space 446976K, 0% used [0x000000076b580000,0x000000076b580000,0x0000000786a00000)
  from space 20480K, 23% used [0x0000000787f00000,0x00000007883c5b28,0x0000000789300000)
  to   space 20992K, 0% used [0x0000000786a00000,0x0000000786a00000,0x0000000787e80000)
 ParOldGen       total 193536K, used 25180K [0x00000006c2000000, 0x00000006cdd00000, 0x000000076b580000)
  object space 193536K, 13% used [0x00000006c2000000,0x00000006c3897100,0x00000006cdd00000)
 Metaspace       used 63498K, capacity 66868K, committed 67112K, reserved 1107968K
  class space    used 8469K, capacity 9186K, committed 9264K, reserved 1048576K
}
Event: 438.929 GC heap before
{Heap before GC invocations=26 (full 10):
 PSYoungGen      total 467456K, used 4886K [0x000000076b580000, 0x0000000789300000, 0x00000007c0000000)
  eden space 446976K, 0% used [0x000000076b580000,0x000000076b580000,0x0000000786a00000)
  from space 20480K, 23% used [0x0000000787f00000,0x00000007883c5b28,0x0000000789300000)
  to   space 20992K, 0% used [0x0000000786a00000,0x0000000786a00000,0x0000000787e80000)
 ParOldGen       total 193536K, used 25180K [0x00000006c2000000, 0x00000006cdd00000, 0x000000076b580000)
  object space 193536K, 13% used [0x00000006c2000000,0x00000006c3897100,0x00000006cdd00000)
 Metaspace       used 63498K, capacity 66868K, committed 67112K, reserved 1107968K
  class space    used 8469K, capacity 9186K, committed 9264K, reserved 1048576K
Event: 439.043 GC heap after
Heap after GC invocations=26 (full 10):
 PSYoungGen      total 467456K, used 0K [0x000000076b580000, 0x0000000789300000, 0x00000007c0000000)
  eden space 446976K, 0% used [0x000000076b580000,0x000000076b580000,0x0000000786a00000)
  from space 20480K, 0% used [0x0000000787f00000,0x0000000787f00000,0x0000000789300000)
  to   space 20992K, 0% used [0x0000000786a00000,0x0000000786a00000,0x0000000787e80000)
 ParOldGen       total 193536K, used 25438K [0x00000006c2000000, 0x00000006cdd00000, 0x000000076b580000)
  object space 193536K, 13% used [0x00000006c2000000,0x00000006c38d78d0,0x00000006cdd00000)
 Metaspace       used 63472K, capacity 66826K, committed 67112K, reserved 1107968K
  class space    used 8465K, capacity 9178K, committed 9264K, reserved 1048576K
}
Event: 511.435 GC heap before
{Heap before GC invocations=27 (full 10):
 PSYoungGen      total 467456K, used 226344K [0x000000076b580000, 0x0000000789300000, 0x00000007c0000000)
  eden space 446976K, 50% used [0x000000076b580000,0x000000077928a060,0x0000000786a00000)
  from space 20480K, 0% used [0x0000000787f00000,0x0000000787f00000,0x0000000789300000)
  to   space 20992K, 0% used [0x0000000786a00000,0x0000000786a00000,0x0000000787e80000)
 ParOldGen       total 193536K, used 25438K [0x00000006c2000000, 0x00000006cdd00000, 0x000000076b580000)
  object space 193536K, 13% used [0x00000006c2000000,0x00000006c38d78d0,0x00000006cdd00000)
 Metaspace       used 64072K, capacity 67620K, committed 67752K, reserved 1107968K
  class space    used 8534K, capacity 9294K, committed 9392K, reserved 1048576K
Event: 511.440 GC heap after
Heap after GC invocations=27 (full 10):
 PSYoungGen      total 452096K, used 4993K [0x000000076b580000, 0x0000000789200000, 0x00000007c0000000)
  eden space 446976K, 0% used [0x000000076b580000,0x000000076b580000,0x0000000786a00000)
  from space 5120K, 97% used [0x0000000786a00000,0x0000000786ee0660,0x0000000786f00000)
  to   space 20480K, 0% used [0x0000000787e00000,0x0000000787e00000,0x0000000789200000)
 ParOldGen       total 193536K, used 25446K [0x00000006c2000000, 0x00000006cdd00000, 0x000000076b580000)
  object space 193536K, 13% used [0x00000006c2000000,0x00000006c38d98d0,0x00000006cdd00000)
 Metaspace       used 64072K, capacity 67620K, committed 67752K, reserved 1107968K
  class space    used 8534K, capacity 9294K, committed 9392K, reserved 1048576K
}
Event: 511.441 GC heap before
{Heap before GC invocations=28 (full 11):
 PSYoungGen      total 452096K, used 4993K [0x000000076b580000, 0x0000000789200000, 0x00000007c0000000)
  eden space 446976K, 0% used [0x000000076b580000,0x000000076b580000,0x0000000786a00000)
  from space 5120K, 97% used [0x0000000786a00000,0x0000000786ee0660,0x0000000786f00000)
  to   space 20480K, 0% used [0x0000000787e00000,0x0000000787e00000,0x0000000789200000)
 ParOldGen       total 193536K, used 25446K [0x00000006c2000000, 0x00000006cdd00000, 0x000000076b580000)
  object space 193536K, 13% used [0x00000006c2000000,0x00000006c38d98d0,0x00000006cdd00000)
 Metaspace       used 64072K, capacity 67620K, committed 67752K, reserved 1107968K
  class space    used 8534K, capacity 9294K, committed 9392K, reserved 1048576K

